<?xml version="1.0" encoding="UTF-8"?>
<testng-results ignored="0" total="2" passed="2" failed="0" skipped="0">
  <reporter-output>
  </reporter-output>
  <suite started-at="2023-12-02T15:09:22 IST" name="Default suite" finished-at="2023-12-02T15:09:53 IST" duration-ms="30909">
    <groups>
    </groups>
    <test started-at="2023-12-02T15:09:22 IST" name="Default test" finished-at="2023-12-02T15:09:53 IST" duration-ms="30909">
      <class name="com.test.testng.AmazonTest">
        <test-method is-config="true" signature="PreSetup()[pri:0, instance:com.test.testng.AmazonTest@272113c4]" started-at="2023-12-02T15:09:22 IST" name="PreSetup" finished-at="2023-12-02T15:09:27 IST" duration-ms="4805" status="PASS">
          <reporter-output>
          </reporter-output>
        </test-method> <!-- PreSetup -->
        <test-method signature="MakeMyTripFlightsBooking()[pri:0, instance:com.test.testng.AmazonTest@272113c4]" started-at="2023-12-02T15:09:27 IST" name="MakeMyTripFlightsBooking" finished-at="2023-12-02T15:09:45 IST" duration-ms="18617" status="PASS">
          <reporter-output>
          </reporter-output>
        </test-method> <!-- MakeMyTripFlightsBooking -->
        <test-method is-config="true" signature="PostSetup()[pri:0, instance:com.test.testng.AmazonTest@272113c4]" started-at="2023-12-02T15:09:45 IST" name="PostSetup" finished-at="2023-12-02T15:09:45 IST" duration-ms="205" status="PASS">
          <reporter-output>
          </reporter-output>
        </test-method> <!-- PostSetup -->
        <test-method is-config="true" signature="PreSetup()[pri:0, instance:com.test.testng.AmazonTest@272113c4]" started-at="2023-12-02T15:09:45 IST" name="PreSetup" finished-at="2023-12-02T15:09:49 IST" duration-ms="3217" status="PASS">
          <reporter-output>
          </reporter-output>
        </test-method> <!-- PreSetup -->
        <test-method signature="testMakeMyTripLogo()[pri:0, instance:com.test.testng.AmazonTest@272113c4]" started-at="2023-12-02T15:09:49 IST" name="testMakeMyTripLogo" finished-at="2023-12-02T15:09:52 IST" duration-ms="3796" status="PASS">
          <reporter-output>
          </reporter-output>
        </test-method> <!-- testMakeMyTripLogo -->
        <test-method is-config="true" signature="PostSetup()[pri:0, instance:com.test.testng.AmazonTest@272113c4]" started-at="2023-12-02T15:09:52 IST" name="PostSetup" finished-at="2023-12-02T15:09:53 IST" duration-ms="212" status="PASS">
          <reporter-output>
          </reporter-output>
        </test-method> <!-- PostSetup -->
      </class> <!-- com.test.testng.AmazonTest -->
    </test> <!-- Default test -->
  </suite> <!-- Default suite -->
</testng-results>
