<?xml version="1.0" encoding="UTF-8"?>
<testng-results ignored="0" total="2" passed="2" failed="0" skipped="0">
  <reporter-output>
  </reporter-output>
  <suite started-at="2023-12-02T15:54:09 IST" name="MySuite" finished-at="2023-12-02T15:54:38 IST" duration-ms="28818">
    <groups>
    </groups>
    <test started-at="2023-12-02T15:54:09 IST" name="TestMakeMyTrip" finished-at="2023-12-02T15:54:38 IST" duration-ms="28818">
      <class name="com.test.testng.AmazonTest">
        <test-method is-config="true" signature="PreSetup()[pri:0, instance:com.test.testng.AmazonTest@1139b2f3]" started-at="2023-12-02T15:54:09 IST" name="PreSetup" finished-at="2023-12-02T15:54:14 IST" duration-ms="4345" status="PASS">
          <reporter-output>
          </reporter-output>
        </test-method> <!-- PreSetup -->
        <test-method signature="MakeMyTripFlightsBooking()[pri:0, instance:com.test.testng.AmazonTest@1139b2f3]" started-at="2023-12-02T15:54:14 IST" name="MakeMyTripFlightsBooking" finished-at="2023-12-02T15:54:32 IST" duration-ms="18088" status="PASS">
          <reporter-output>
          </reporter-output>
        </test-method> <!-- MakeMyTripFlightsBooking -->
        <test-method is-config="true" signature="PostSetup()[pri:0, instance:com.test.testng.AmazonTest@1139b2f3]" started-at="2023-12-02T15:54:32 IST" name="PostSetup" finished-at="2023-12-02T15:54:32 IST" duration-ms="122" status="PASS">
          <reporter-output>
          </reporter-output>
        </test-method> <!-- PostSetup -->
        <test-method is-config="true" signature="PreSetup()[pri:0, instance:com.test.testng.AmazonTest@1139b2f3]" started-at="2023-12-02T15:54:32 IST" name="PreSetup" finished-at="2023-12-02T15:54:35 IST" duration-ms="3025" status="PASS">
          <reporter-output>
          </reporter-output>
        </test-method> <!-- PreSetup -->
        <test-method signature="testMakeMyTripLogo()[pri:0, instance:com.test.testng.AmazonTest@1139b2f3]" started-at="2023-12-02T15:54:35 IST" name="testMakeMyTripLogo" finished-at="2023-12-02T15:54:38 IST" duration-ms="3096" status="PASS">
          <reporter-output>
          </reporter-output>
        </test-method> <!-- testMakeMyTripLogo -->
        <test-method is-config="true" signature="PostSetup()[pri:0, instance:com.test.testng.AmazonTest@1139b2f3]" started-at="2023-12-02T15:54:38 IST" name="PostSetup" finished-at="2023-12-02T15:54:38 IST" duration-ms="97" status="PASS">
          <reporter-output>
          </reporter-output>
        </test-method> <!-- PostSetup -->
      </class> <!-- com.test.testng.AmazonTest -->
    </test> <!-- TestMakeMyTrip -->
  </suite> <!-- MySuite -->
</testng-results>
